2025-12-04 15:42:25 Loading main app package /usr/lib/obsidian/obsidian.asar
2025-12-04 15:42:26 Checking for update using Github
2025-12-04 15:42:26 Success.
2025-12-04 15:42:26 Latest version is 1.10.6
2025-12-04 15:42:26 App is up to date.
2025-12-04 16:00:22 Loading main app package /usr/lib/obsidian/obsidian.asar
2025-12-04 16:00:23 Checking for update using Github
2025-12-04 16:00:23 Success.
2025-12-04 16:00:23 Latest version is 1.10.6
2025-12-04 16:00:23 App is up to date.
2025-12-04 16:13:26 Loading main app package /usr/lib/obsidian/obsidian.asar
2025-12-04 16:13:27 Checking for update using Github
2025-12-04 16:13:27 Success.
2025-12-04 16:13:27 Latest version is 1.10.6
2025-12-04 16:13:27 App is up to date.
2025-12-04 16:57:13 Loading main app package /usr/lib/obsidian/obsidian.asar
2025-12-04 16:57:13 Checking for update using Github
2025-12-04 16:57:13 Success.
2025-12-04 16:57:13 Latest version is 1.10.6
2025-12-04 16:57:13 App is up to date.
2025-12-04 18:58:48 Loading main app package /usr/lib/obsidian/obsidian.asar
2025-12-04 18:58:48 Checking for update using Github
2025-12-04 18:58:49 Success.
2025-12-04 18:58:49 Latest version is 1.10.6
2025-12-04 18:58:49 App is up to date.
2025-12-06 10:02:50 Loading main app package /usr/lib/obsidian/obsidian.asar
2025-12-06 10:02:50 Checking for update using Github
2025-12-06 10:02:51 Success.
2025-12-06 10:02:51 Latest version is 1.10.6
2025-12-06 10:02:51 App is up to date.
2025-12-09 17:43:20 Loading main app package /usr/lib/obsidian/obsidian.asar
2025-12-09 17:43:21 Checking for update using Github
2025-12-09 17:43:21 Success.
2025-12-09 17:43:21 Latest version is 1.10.6
2025-12-09 17:43:21 App is up to date.
2025-12-09 17:45:46 Loading main app package /usr/lib/obsidian/obsidian.asar
2025-12-09 17:45:46 Checking for update using Github
2025-12-09 17:45:46 Success.
2025-12-09 17:45:46 Latest version is 1.10.6
2025-12-09 17:45:46 App is up to date.
2025-12-09 17:46:53 Loading main app package /usr/lib/obsidian/obsidian.asar
2025-12-09 17:46:53 Checking for update using Github
2025-12-09 17:46:53 Success.
2025-12-09 17:46:53 Latest version is 1.10.6
2025-12-09 17:46:53 App is up to date.
2025-12-09 18:46:53 Checking for update using Github
2025-12-09 18:46:53 Success.
2025-12-09 18:46:53 Latest version is 1.10.6
2025-12-09 18:46:53 App is up to date.
2025-12-09 21:06:36 Checking for update using Github
2025-12-09 21:06:36 Success.
2025-12-09 21:06:36 Latest version is 1.10.6
2025-12-09 21:06:36 App is up to date.
2025-12-09 22:06:36 Checking for update using Github
2025-12-09 22:06:36 Success.
2025-12-09 22:06:36 Latest version is 1.10.6
2025-12-09 22:06:36 App is up to date.
2025-12-09 23:06:36 Checking for update using Github
2025-12-09 23:06:36 Success.
2025-12-09 23:06:36 Latest version is 1.10.6
2025-12-09 23:06:36 App is up to date.
2025-12-10 00:06:36 Checking for update using Github
2025-12-10 00:06:36 Success.
2025-12-10 00:06:36 Latest version is 1.10.6
2025-12-10 00:06:36 App is up to date.
2025-12-10 01:06:36 Checking for update using Github
2025-12-10 01:06:36 Success.
2025-12-10 01:06:36 Latest version is 1.10.6
2025-12-10 01:06:36 App is up to date.
2025-12-10 02:06:36 Checking for update using Github
2025-12-10 02:06:36 Success.
2025-12-10 02:06:36 Latest version is 1.10.6
2025-12-10 02:06:36 App is up to date.
2025-12-10 03:06:36 Checking for update using Github
2025-12-10 03:06:36 Success.
2025-12-10 03:06:36 Latest version is 1.10.6
2025-12-10 03:06:36 App is up to date.
2025-12-10 09:08:54 Loading main app package /usr/lib/obsidian/obsidian.asar
2025-12-10 09:08:55 Checking for update using Github
2025-12-10 09:08:55 Success.
2025-12-10 09:08:55 Latest version is 1.10.6
2025-12-10 09:08:55 App is up to date.
2025-12-10 10:08:54 Checking for update using Github
2025-12-10 10:08:54 Success.
2025-12-10 10:08:54 Latest version is 1.10.6
2025-12-10 10:08:54 App is up to date.
2025-12-10 11:08:54 Checking for update using Github
2025-12-10 11:08:54 Success.
2025-12-10 11:08:54 Latest version is 1.10.6
2025-12-10 11:08:54 App is up to date.
2025-12-10 12:08:54 Checking for update using Github
2025-12-10 12:08:54 Success.
2025-12-10 12:08:54 Latest version is 1.10.6
2025-12-10 12:08:54 App is up to date.
2025-12-10 13:08:54 Checking for update using Github
2025-12-10 13:08:54 Success.
2025-12-10 13:08:54 Latest version is 1.10.6
2025-12-10 13:08:54 App is up to date.
2025-12-10 14:00:57 Loading main app package /usr/lib/obsidian/obsidian.asar
2025-12-10 14:00:57 Checking for update using Github
2025-12-10 14:00:58 Success.
2025-12-10 14:00:58 Latest version is 1.10.6
2025-12-10 14:00:58 App is up to date.
2025-12-10 15:00:57 Checking for update using Github
2025-12-10 15:00:57 Success.
2025-12-10 15:00:57 Latest version is 1.10.6
2025-12-10 15:00:57 App is up to date.
